<?xml version="1.0" encoding="UTF-8"?>
<!-- Generated by org.testng.reporters.JUnitXMLReporter -->
<testsuite ignored="8" hostname="DESKTOP-8CID97K" failures="0" tests="1" name="Default test" time="17.267" errors="0" timestamp="2022-04-15T18:39:31 IST">
  <testcase classname="testNg.FirstClass" name="mouseover" time="13.466"/>
  <testcase classname="testNg.FirstClass" name="draganddropSqure" time="0.0">
    <ignored/>
  </testcase> <!-- draganddropSqure -->
  <testcase classname="testNg.FirstClass" name="ScrollUp" time="0.0">
    <ignored/>
  </testcase> <!-- ScrollUp -->
  <testcase classname="testNg.FirstClass" name="IndentifyLoacatorElement" time="0.0">
    <ignored/>
  </testcase> <!-- IndentifyLoacatorElement -->
  <testcase classname="testNg.FirstClass" name="Doubleclick" time="0.0">
    <ignored/>
  </testcase> <!-- Doubleclick -->
  <testcase classname="testNg.FirstClass" name="RightClick" time="0.0">
    <ignored/>
  </testcase> <!-- RightClick -->
  <testcase classname="testNg.FirstClass" name="ScrollDown" time="0.0">
    <ignored/>
  </testcase> <!-- ScrollDown -->
  <testcase classname="testNg.FirstClass" name="draganddropCircle" time="0.0">
    <ignored/>
  </testcase> <!-- draganddropCircle -->
  <testcase classname="testNg.FirstClass" name="dropdownSelect" time="0.0">
    <ignored/>
  </testcase> <!-- dropdownSelect -->
</testsuite> <!-- Default test -->
