<?xml version="1.0" encoding="UTF-8"?>
<!-- Generated by org.testng.reporters.JUnitXMLReporter -->
<testsuite ignored="4" hostname="DESKTOP-8CID97K" failures="0" tests="1" name="Test" time="6.534" errors="0" timestamp="2022-04-13T17:28:45 IST">
  <testcase classname="testNg.Group" name="twitter" time="2.91"/>
  <testcase classname="testNg.Group" name="googleLangs" time="0.0">
    <ignored/>
  </testcase> <!-- googleLangs -->
  <testcase classname="testNg.Group" name="google" time="0.0">
    <ignored/>
  </testcase> <!-- google -->
  <testcase classname="testNg.Group" name="gmail" time="0.0">
    <ignored/>
  </testcase> <!-- gmail -->
  <testcase classname="testNg.Group" name="fb" time="0.0">
    <ignored/>
  </testcase> <!-- fb -->
</testsuite> <!-- Test -->
