<?xml version="1.0" encoding="UTF-8"?>
<testng-results ignored="8" total="9" passed="1" failed="0" skipped="0">
  <reporter-output>
  </reporter-output>
  <suite started-at="2022-04-15T18:39:14 IST" name="Default suite" finished-at="2022-04-15T18:39:31 IST" duration-ms="17267">
    <groups>
    </groups>
    <test started-at="2022-04-15T18:39:14 IST" name="Default test" finished-at="2022-04-15T18:39:31 IST" duration-ms="17267">
      <class name="testNg.FirstClass">
        <test-method is-config="true" signature="beforeTest()[pri:0, instance:testNg.FirstClass@61001b64]" started-at="2022-04-15T18:39:14 IST" name="beforeTest" finished-at="2022-04-15T18:39:18 IST" duration-ms="3718" status="PASS">
          <reporter-output>
          </reporter-output>
        </test-method> <!-- beforeTest -->
        <test-method signature="mouseover()[pri:0, instance:testNg.FirstClass@61001b64]" started-at="2022-04-15T18:39:18 IST" name="mouseover" finished-at="2022-04-15T18:39:31 IST" duration-ms="13466" status="PASS">
          <reporter-output>
          </reporter-output>
        </test-method> <!-- mouseover -->
        <test-method is-config="true" signature="afterTest()[pri:0, instance:testNg.FirstClass@61001b64]" started-at="2022-04-15T18:39:31 IST" name="afterTest" finished-at="2022-04-15T18:39:31 IST" duration-ms="1" status="PASS">
          <reporter-output>
          </reporter-output>
        </test-method> <!-- afterTest -->
      </class> <!-- testNg.FirstClass -->
    </test> <!-- Default test -->
  </suite> <!-- Default suite -->
</testng-results>
